<?xml version="1.0" encoding="UTF-8"?>
<!-- Generated by org.testng.reporters.JUnitReportReporter -->
<testsuite hostname="DESKTOP-IV2T86A" failures="0" tests="1" name="tests.FlipkartSmokeTest" time="10.765" errors="0" timestamp="2023-03-27T00:26:58 IST" skipped="0">
  <testcase classname="tests.FlipkartSmokeTest" name="UserSelectTheProductAndVerifyTheProductNameAndPriceInCartPage" time="10.765"/>
  <system-out/>
</testsuite> <!-- tests.FlipkartSmokeTest -->
